#Tue Oct 23 18:21:04 CEST 2007
java.runtime.name=Java(TM) 2 Runtime Environment, Standard Edition
sun.boot.library.path=/usr/java/jdk1.5.0_12/jre/lib/i386
java.vm.version=1.5.0_12-b04
java.vm.vendor=Sun Microsystems Inc.
java.vendor.url=http\://java.sun.com/
path.separator=\:
java.vm.name=Java HotSpot(TM) Client VM
file.encoding.pkg=sun.io
sun.java.launcher=SUN_STANDARD
user.country=FR
sun.os.patch.level=unknown
java.vm.specification.name=Java Virtual Machine Specification
user.dir=/home/eclipuser/Eclipse3.2_java/eclipse/workspace/ZUKOWSKI-COLLECTIONS
java.runtime.version=1.5.0_12-b04
java.awt.graphicsenv=sun.awt.X11GraphicsEnvironment
java.endorsed.dirs=/usr/java/jdk1.5.0_12/jre/lib/endorsed
os.arch=i386
java.io.tmpdir=/tmp
line.separator=\n
java.vm.specification.vendor=Sun Microsystems Inc.
os.name=Linux
sun.jnu.encoding=UTF-8
java.library.path=/usr/java/jdk1.5.0_12/jre/lib/i386/client\:/usr/java/jdk1.5.0_12/jre/lib/i386\:/usr/java/jdk1.5.0_12/jre/../lib/i386\:/usr/java/jdk1.6.0_02/jre/lib/i386/client\:/usr/java/jdk1.6.0_02/jre/lib/i386\:/usr/java/jdk1.6.0_02/jre/../lib/i386
java.specification.name=Java Platform API Specification
java.class.version=49.0
sun.management.compiler=HotSpot Client Compiler
os.version=2.6.17-14mdv
user.home=/home/eclipuser
user.timezone=Europe/Paris
java.awt.printerjob=sun.print.PSPrinterJob
file.encoding=UTF-8
java.specification.version=1.5
java.class.path=/home/eclipuser/Eclipse3.2_java/eclipse/workspace/ZUKOWSKI-COLLECTIONS/bin
user.name=eclipuser
java.vm.specification.version=1.0
java.home=/usr/java/jdk1.5.0_12/jre
sun.arch.data.model=32
user.language=fr
java.specification.vendor=Sun Microsystems Inc.
java.vm.info=mixed mode, sharing
java.version=1.5.0_12
java.ext.dirs=/usr/java/jdk1.5.0_12/jre/lib/ext
sun.boot.class.path=/usr/java/jdk1.5.0_12/jre/lib/rt.jar\:/usr/java/jdk1.5.0_12/jre/lib/i18n.jar\:/usr/java/jdk1.5.0_12/jre/lib/sunrsasign.jar\:/usr/java/jdk1.5.0_12/jre/lib/jsse.jar\:/usr/java/jdk1.5.0_12/jre/lib/jce.jar\:/usr/java/jdk1.5.0_12/jre/lib/charsets.jar\:/usr/java/jdk1.5.0_12/jre/classes
java.vendor=Sun Microsystems Inc.
file.separator=/
java.vendor.url.bug=http\://java.sun.com/cgi-bin/bugreport.cgi
sun.io.unicode.encoding=UnicodeLittle
sun.cpu.endian=little
sun.cpu.isalist=
